TN:
SF:electron\main\crawling\crawler.ts
FN:5,crawl
FN:28,(anonymous_1)
FN:31,(anonymous_2)
FN:38,(anonymous_3)
FN:43,(anonymous_4)
FNF:5
FNH:1
FNDA:1,crawl
FNDA:0,(anonymous_1)
FNDA:0,(anonymous_2)
FNDA:0,(anonymous_3)
FNDA:0,(anonymous_4)
DA:14,1
DA:16,0
DA:17,0
DA:18,0
DA:20,0
DA:21,0
DA:22,0
DA:26,0
DA:29,0
DA:32,0
DA:35,0
DA:38,0
DA:39,0
DA:42,0
DA:43,0
DA:44,0
DA:45,0
DA:49,0
DA:50,0
DA:51,0
DA:53,0
DA:58,0
DA:59,0
DA:63,0
LF:24
LH:1
BRDA:7,0,0,0
BRDA:8,1,0,1
BRDA:14,2,0,1
BRDA:14,2,1,0
BRDA:44,3,0,0
BRDA:44,3,1,0
BRDA:49,4,0,0
BRDA:49,4,1,0
BRDA:49,5,0,0
BRDA:49,5,1,0
BRDA:49,5,2,0
BRDA:50,6,0,0
BRDA:50,6,1,0
BRDA:58,7,0,0
BRDA:58,7,1,0
BRDA:58,8,0,0
BRDA:58,8,1,0
BRF:17
BRH:2
end_of_record
TN:
SF:electron\main\crawling\parser.ts
FN:3,parseUrl
FN:51,(anonymous_1)
FN:82,(anonymous_2)
FNF:3
FNH:3
FNDA:4,parseUrl
FNDA:3,(anonymous_1)
FNDA:16,(anonymous_2)
DA:16,4
DA:25,4
DA:34,2
DA:38,2
DA:42,2
DA:43,1
DA:44,1
DA:45,0
DA:49,1
DA:50,1
DA:51,1
DA:52,3
DA:53,1
DA:54,1
DA:55,1
DA:60,1
DA:61,1
DA:62,1
DA:67,2
DA:70,2
DA:81,2
DA:82,12
DA:83,16
DA:84,2
DA:85,2
DA:91,2
DA:92,2
LF:27
LH:26
BRDA:25,0,0,2
BRDA:25,0,1,2
BRDA:26,1,0,4
BRDA:26,1,1,3
BRDA:26,1,2,3
BRDA:26,1,3,3
BRDA:26,1,4,2
BRDA:26,1,5,2
BRDA:26,1,6,2
BRDA:42,2,0,1
BRDA:42,2,1,1
BRDA:44,3,0,0
BRDA:44,3,1,1
BRDA:52,4,0,1
BRDA:52,4,1,2
BRDA:83,5,0,2
BRDA:83,5,1,14
BRF:17
BRH:16
end_of_record
TN:
SF:src\components\forms\TextInput.tsx
FN:6,TextInput
FNF:1
FNH:1
FNDA:2,TextInput
DA:7,2
LF:1
LH:1
BRF:0
BRH:0
end_of_record
